<?xml version="1.0" encoding="ISO-8859-1"?>
<configuration>
	<component>
		<key>org.exoplatform.services.jcr.config.RepositoryServiceConfiguration</key>
		<type>org.exoplatform.services.jcr.impl.config.RepositoryServiceConfigurationImpl</type>
		<init-params>
			<value-param>
				<name>conf-path</name>
				<description>JCR configuration file</description>
				<value>classpath:/conf/standalone/test-repository-configuration.xml</value>
			</value-param>
			<properties-param>
				<name>working-conf</name>
				<description>working-conf</description>
				<property name="source-name" value="jdbcexo" />
				<property name="dialect" value="hsqldb" />
				<property name="persister-class-name" value="org.exoplatform.services.jcr.impl.config.JDBCConfigurationPersister" />
			</properties-param>
		</init-params>
	</component>

	<component>
		<key>org.exoplatform.services.jcr.RepositoryService</key>
		<type>org.exoplatform.services.jcr.impl.RepositoryServiceImpl</type>
	</component>

	<component>
		<type>org.exoplatform.services.jcr.ext.registry.RegistryService</type>
		<init-params>
			<properties-param>
				<name>locations</name>
				<property name="repository" value="system" />
			</properties-param>
		</init-params>
	</component>

	<component>
		<key>org.exoplatform.services.jcr.ext.audit.AuditService</key>
		<type>org.exoplatform.services.jcr.ext.audit.AuditServiceImpl</type>
		<init-params>
			<value-param>
				<name>repository</name>
				<value>repository</value>
			</value-param>
			<value-param>
				<name>adminIdentity</name>
				<value>*:/platform/administrators</value>
			</value-param>
		</init-params>
	</component>

	<component>
		<key>org.exoplatform.services.jcr.ext.app.SessionProviderService</key>
		<type>org.exoplatform.services.jcr.ext.app.ThreadLocalSessionProviderService</type>
	</component>

	<component>
		<type>org.exoplatform.services.jcr.ext.app.ThreadLocalSessionProviderService</type>
	</component>

	<component>
		<type>org.exoplatform.services.jcr.impl.ext.action.SessionActionCatalog</type>
	</component>

	<external-component-plugins>
		<target-component>org.exoplatform.services.naming.InitialContextInitializer</target-component>
		<component-plugin>
			<name>bind.datasource</name>
			<set-method>addPlugin</set-method>
			<type>org.exoplatform.services.naming.BindReferencePlugin</type>
			<init-params>
				<value-param>
					<name>bind-name</name>
					<value>jdbcexo</value>
				</value-param>
				<value-param>
					<name>class-name</name>
					<value>javax.sql.DataSource</value>
				</value-param>
				<value-param>
					<name>factory</name>
					<value>org.apache.commons.dbcp.BasicDataSourceFactory</value>
				</value-param>
				<properties-param>
					<name>ref-addresses</name>
					<description>ref-addresses</description>
					<property name="driverClassName" value="org.hsqldb.jdbcDriver" />
					<property name='url' value='jdbc:hsqldb:mem:db/jdbcexo' />
					<property name="username" value="sa" />
					<property name="password" value="" />
				</properties-param>
			</init-params>
		</component-plugin>
		<component-plugin>
			<name>jotm.tx</name>
			<set-method>addPlugin</set-method>
			<type>org.exoplatform.services.naming.BindReferencePlugin</type>
			<init-params>
				<value-param>
					<name>bind-name</name>
					<value>UserTransaction</value>
				</value-param>
				<value-param>
					<name>class-name</name>
					<value>javax.transaction.UserTransaction</value>
				</value-param>
				<value-param>
					<name>factory</name>
					<value>org.objectweb.jotm.UserTransactionFactory</value>
				</value-param>
				<properties-param>
					<name>ref-addresses</name>
					<description>ref-addresses</description>
					<property name="jotm.timeout" value="60" />
				</properties-param>
			</init-params>
		</component-plugin>

		<component-plugin>
			<name>bind.jcr</name>
			<set-method>addPlugin</set-method>
			<type>org.exoplatform.services.naming.BindReferencePlugin</type>
			<init-params>
				<value-param>
					<name>bind-name</name>
					<value>repo</value>
				</value-param>
				<value-param>
					<name>class-name</name>
					<value>javax.jcr.Repository</value>
				</value-param>
				<value-param>
					<name>factory</name>
					<value>org.exoplatform.services.jcr.impl.jndi.BindableRepositoryFactory</value>
				</value-param>
				<properties-param>
					<name>ref-addresses</name>
					<description>ref-addresses</description>
					<property name="repositoryName" value="repository" />
				</properties-param>
			</init-params>
		</component-plugin>
	</external-component-plugins>
	
	<external-component-plugins>
		<target-component>org.exoplatform.services.cms.impl.DMSConfiguration</target-component>        		        
    <component-plugin> 
      <name>dmsconfiguration.plugin</name>
      <set-method>addPlugin</set-method>
      <type>org.exoplatform.services.cms.impl.DMSRepositoryConfiguration</type>
      <description>DMS Repository configuration</description>
      <init-params>
       <value-param>
       	 <name>repository</name>
       	 <value>repository</value>
       </value-param>	        		        		    		    
       <value-param>
         <name>systemWorkspace</name>
         <value>dms-system</value>
       </value-param>
      </init-params>  
		</component-plugin>  		
 </external-component-plugins>
</configuration>