<?xml version="1.0" encoding="ISO-8859-1"?>
<configuration>

	<!--  Environment -->
	<component>
		<key>org.exoplatform.services.log.LogConfigurationInitializer</key>
		<type>org.exoplatform.services.log.LogConfigurationInitializer</type>
		<init-params>
			<value-param>
				<name>logger</name>
				<value>org.exoplatform.services.log.impl.BufferedLog4JLogger</value>
			</value-param>
			<value-param>
				<name>configurator</name>
				<value>org.exoplatform.services.log.impl.Log4JConfigurator</value>
			</value-param>
			<properties-param>
				<name>properties</name>
				<description>Log4J properties</description>
				<property name="log4j.rootLogger" value="INFO, stdout, file" />
				<property name="log4j.appender.stdout" value="org.apache.log4j.ConsoleAppender" />
				<property name="log4j.appender.stdout.threshold" value="INFO" />
				<property name="log4j.appender.stdout.layout" value="org.apache.log4j.PatternLayout" />
				<property name="log4j.appender.stdout.layout.ConversionPattern" value="%d{dd.MM.yyyy HH:mm:ss} *%-5p* [%t] %c{1}: %m (%F, line %L) %n" />
				<property name="log4j.appender.file" value="org.apache.log4j.FileAppender" />
				<property name="log4j.appender.file.File" value="target/jcr.log" />
				<property name="log4j.appender.file.layout" value="org.apache.log4j.PatternLayout" />
				<property name="log4j.appender.file.layout.ConversionPattern" value="%d{dd.MM.yyyy HH:mm:ss} *%-5p* [%t] %c{1}: %m (%F, line %L) %n" />
				<!-- property name="log4j.category.ext.BackupScheduler" value="DEBUG"/>
        <property name="log4j.category.ext.BackupManagerImpl" value="DEBUG"/ -->
			</properties-param>
		</init-params>
	</component>

	<component>
		<key>org.exoplatform.services.resources.LocaleConfigService</key>
		<type>org.exoplatform.services.resources.impl.LocaleConfigServiceImpl</type>
		<init-params>
			<value-param>
				<name>locale.config.file</name>
				<value>classpath:/conf/standalone/test-locales-config.xml</value>
			</value-param>
		</init-params>
	</component>



	<!-- Dependencies	-->
	<component>
		<type>org.exoplatform.container.xml.PortalContainerInfo</type>
	</component>

	<component>
		<key>org.exoplatform.webui.ext.UIExtensionManager</key>
		<type>org.exoplatform.webui.ext.impl.UIExtensionManagerImpl</type>
	</component>

	<component>
		<key>javax.servlet.ServletContext</key>
		<type>org.exoplatform.test.mocks.servlet.MockServletContext</type>
	</component>
  
  <component>
    <type>org.exoplatform.services.wcm.TestStartupServiceConfiguration</type>
  </component>



	<!-- Application -->
	<component>
		<type>org.exoplatform.services.wcm.newsletter.NewsletterManagerService</type>
		<init-params>
			<value-param>
				<name>repository</name>
				<value>repository</value>
			</value-param>
			<value-param>
				<name>workspace</name>
				<value>collaboration</value>
			</value-param>
		</init-params>
	</component>
	<component>
		<key>org.exoplatform.services.mail.MailService</key>
		<type>org.exoplatform.services.mail.impl.MailServiceImpl</type>
		<init-params>
			<properties-param>
				<name>config</name>
				<property name="mail.smtp.auth.username" value="exoservice@gmail.com" />
				<property name="mail.smtp.auth.password" value="exoadmin" />
				<property name="mail.smtp.host" value="smtp.gmail.com" />
				<property name="mail.smtp.port" value="465" />
				<property name="mail.smtp.starttls.enable" value="true" />
				<property name="mail.smtp.auth" value="true" />
				<property name="mail.smtp.debug" value="false" />
				<property name="mail.smtp.socketFactory.port" value="465" />
				<property name="mail.smtp.socketFactory.class" value="javax.net.ssl.SSLSocketFactory" />
				<property name="mail.smtp.socketFactory.fallback" value="false" />
			</properties-param>
		</init-params>
	</component>
	
	
	
	<!-- Imports -->
	<import>classpath:/conf/standalone/test-portal-configuration.xml</import>
	<import>classpath:/conf/standalone/test-system-configuration.xml</import>
	<import>classpath:/conf/standalone/test-jcr-configuration.xml</import>
	<import>classpath:/conf/standalone/test-dms-system-configuration.xml</import>
	<import>classpath:/conf/standalone/test-jcr-component-plugins-configuration.xml</import>

</configuration>