<?xml version="1.0" encoding="ISO-8859-1"?>
  <!--

    Copyright (C) 2009 eXo Platform SAS.
    
    This is free software; you can redistribute it and/or modify it
    under the terms of the GNU Lesser General Public License as
    published by the Free Software Foundation; either version 2.1 of
    the License, or (at your option) any later version.
    
    This software is distributed in the hope that it will be useful,
    but WITHOUT ANY WARRANTY; without even the implied warranty of
    MERCHANTABILITY or FITNESS FOR A PARTICULAR PURPOSE. See the GNU
    Lesser General Public License for more details.
    
    You should have received a copy of the GNU Lesser General Public
    License along with this software; if not, write to the Free
    Software Foundation, Inc., 51 Franklin St, Fifth Floor, Boston, MA
    02110-1301 USA, or see the FSF site: http://www.fsf.org.

-->
<configuration xmlns:xsi="http://www.w3.org/2001/XMLSchema-instance" xsi:schemaLocation="http://www.exoplaform.org/xml/ns/kernel_1_0.xsd http://www.exoplaform.org/xml/ns/kernel_1_0.xsd" xmlns="http://www.exoplaform.org/xml/ns/kernel_1_0.xsd">

  <component>
    <key>org.exoplatform.services.cms.taxonomy.TaxonomyService</key>
    <type>org.exoplatform.services.cms.taxonomy.impl.TaxonomyServiceImpl</type>
    <init-params>
      <object-param>
        <name>defaultPermission.configuration</name>
        <object type="org.exoplatform.services.cms.taxonomy.impl.TaxonomyTreeDefaultUserPermission">
          <field name="permissions">
            <collection type="java.util.ArrayList">
              <value>
                <object type="org.exoplatform.services.cms.taxonomy.impl.TaxonomyTreeDefaultUserPermission$Permission">
                  <field name="identity">
                    <string>*:/platform/administrators</string>
                  </field>
                  <field name="read">
                    <string>true</string>
                  </field>
                  <field name="addNode">
                    <string>true</string>
                  </field>
                  <field name="setProperty">
                    <string>true</string>
                  </field>
                  <field name="remove">
                    <string>true</string>
                  </field>
                </object>
              </value>
              <value>
                <object type="org.exoplatform.services.cms.taxonomy.impl.TaxonomyTreeDefaultUserPermission$Permission">
                  <field name="identity">
                    <string>*:/platform/users</string>
                  </field>
                  <field name="read">
                    <string>true</string>
                  </field>
                  <field name="addNode">
                    <string>true</string>
                  </field>
                  <field name="setProperty">
                    <string>true</string>
                  </field>
                  <field name="remove">
                    <string>false</string>
                  </field>
                </object>
              </value>
            </collection>
          </field>
        </object>
      </object-param>
    </init-params>
  </component>

  <external-component-plugins>
    <target-component>org.exoplatform.services.cms.impl.DMSConfiguration</target-component>
    <component-plugin>
      <name>dmsconfiguration.plugin</name>
      <set-method>addPlugin</set-method>
      <type>org.exoplatform.services.cms.impl.DMSRepositoryConfiguration</type>
      <description>DMS Repository configuration</description>
      <init-params>
        <value-param>
          <name>repository</name>
          <value>repository</value>
        </value-param>
        <value-param>
          <name>systemWorkspace</name>
          <value>dms-system</value>
        </value-param>
      </init-params>
    </component-plugin>
  </external-component-plugins>

  <external-component-plugins>
    <target-component>org.exoplatform.services.jcr.RepositoryService</target-component>
    <component-plugin>
      <name>add.namespaces</name>
      <set-method>addPlugin</set-method>
      <type>org.exoplatform.services.jcr.impl.AddNamespacesPlugin</type>
      <init-params>
        <properties-param>
          <name>namespaces</name>
          <property name="dc" value="http://purl.org/dc/elements/1.1/" />
          <property name="rma" value="http://www.rma.com/jcr/" />
          <property name="metadata" value="http://www.exoplatform.com/jcr/metadata/1.1/" />
          <property name="Fwd" value="http://www.exoplatform.com/jcr/Fwd/1.1/" />
          <property name="Re" value="http://www.exoplatform.com/jcr/Re/1.1/" />
          <property name="kfx" value="http://www.exoplatform.com/jcr/kfx/1.1/" />
        </properties-param>
      </init-params>
    </component-plugin>
  </external-component-plugins>

</configuration>